<?xml version="1.0" encoding="UTF-8"?>
<testsuite name="guru.springframework.SpringBootWebApplicationTests" tests="1" skipped="0" failures="0" errors="0" timestamp="2020-06-29T18:32:08" hostname="DESKTOP-NB3QJNT" time="0.004">
  <properties/>
  <testcase name="contextLoads" classname="guru.springframework.SpringBootWebApplicationTests" time="0.004"/>
  <system-out><![CDATA[2020-06-30 00:02:06.732  INFO 20132 --- [    Test worker] .b.t.c.SpringBootTestContextBootstrapper : Neither @ContextConfiguration nor @ContextHierarchy found for test class [guru.springframework.SpringBootWebApplicationTests], using SpringBootContextLoader
2020-06-30 00:02:06.734  INFO 20132 --- [    Test worker] o.s.t.c.support.AbstractContextLoader    : Could not detect default resource locations for test class [guru.springframework.SpringBootWebApplicationTests]: no resource found for suffixes {-context.xml, Context.groovy}.
2020-06-30 00:02:06.745  INFO 20132 --- [    Test worker] .b.t.c.SpringBootTestContextBootstrapper : Loaded default TestExecutionListener class names from location [META-INF/spring.factories]: [org.springframework.boot.test.autoconfigure.restdocs.RestDocsTestExecutionListener, org.springframework.boot.test.autoconfigure.web.client.MockRestServiceServerResetTestExecutionListener, org.springframework.boot.test.autoconfigure.web.servlet.MockMvcPrintOnlyOnFailureTestExecutionListener, org.springframework.boot.test.autoconfigure.web.servlet.WebDriverTestExecutionListener, org.springframework.boot.test.autoconfigure.webservices.client.MockWebServiceServerTestExecutionListener, org.springframework.boot.test.mock.mockito.MockitoTestExecutionListener, org.springframework.boot.test.mock.mockito.ResetMocksTestExecutionListener, org.springframework.test.context.web.ServletTestExecutionListener, org.springframework.test.context.support.DirtiesContextBeforeModesTestExecutionListener, org.springframework.test.context.support.DependencyInjectionTestExecutionListener, org.springframework.test.context.support.DirtiesContextTestExecutionListener, org.springframework.test.context.transaction.TransactionalTestExecutionListener, org.springframework.test.context.jdbc.SqlScriptsTestExecutionListener, org.springframework.test.context.event.EventPublishingTestExecutionListener]
2020-06-30 00:02:06.746  INFO 20132 --- [    Test worker] .b.t.c.SpringBootTestContextBootstrapper : Using TestExecutionListeners: [org.springframework.test.context.web.ServletTestExecutionListener@615babce, org.springframework.test.context.support.DirtiesContextBeforeModesTestExecutionListener@5b9d4001, org.springframework.boot.test.mock.mockito.MockitoTestExecutionListener@408db002, org.springframework.boot.test.autoconfigure.SpringBootDependencyInjectionTestExecutionListener@16def5e2, org.springframework.test.context.support.DirtiesContextTestExecutionListener@2a67392c, org.springframework.test.context.transaction.TransactionalTestExecutionListener@1b4be929, org.springframework.test.context.jdbc.SqlScriptsTestExecutionListener@366b57e2, org.springframework.test.context.event.EventPublishingTestExecutionListener@577bd528, org.springframework.boot.test.autoconfigure.restdocs.RestDocsTestExecutionListener@44c638b2, org.springframework.boot.test.autoconfigure.web.client.MockRestServiceServerResetTestExecutionListener@83a2, org.springframework.boot.test.autoconfigure.web.servlet.MockMvcPrintOnlyOnFailureTestExecutionListener@6c381007, org.springframework.boot.test.autoconfigure.web.servlet.WebDriverTestExecutionListener@65e34a3d, org.springframework.boot.test.autoconfigure.webservices.client.MockWebServiceServerTestExecutionListener@1015fd9b, org.springframework.boot.test.mock.mockito.ResetMocksTestExecutionListener@140c71a8]

  .   ____          _            __ _ _
 /\\ / ___'_ __ _ _(_)_ __  __ _ \ \ \ \
( ( )\___ | '_ | '_| | '_ \/ _` | \ \ \ \
 \\/  ___)| |_)| | | | | || (_| |  ) ) ) )
  '  |____| .__|_| |_|_| |_\__, | / / / /
 =========|_|==============|___/=/_/_/_/
 :: Spring Boot ::        (v2.3.1.RELEASE)

2020-06-30 00:02:06.790  INFO 20132 --- [    Test worker] g.s.SpringBootWebApplicationTests        : Starting SpringBootWebApplicationTests on DESKTOP-NB3QJNT with PID 20132 (started by Abi in I:\Workspace\Github-forks\springbootwebapp-jt\catalogapp)
2020-06-30 00:02:06.791  INFO 20132 --- [    Test worker] g.s.SpringBootWebApplicationTests        : No active profile set, falling back to default profiles: default
2020-06-30 00:02:07.258  INFO 20132 --- [    Test worker] .s.d.r.c.RepositoryConfigurationDelegate : Bootstrapping Spring Data JPA repositories in DEFAULT mode.
2020-06-30 00:02:07.264  INFO 20132 --- [    Test worker] .s.d.r.c.RepositoryConfigurationDelegate : Finished Spring Data repository scanning in 6ms. Found 1 JPA repository interfaces.
2020-06-30 00:02:07.504  INFO 20132 --- [    Test worker] o.hibernate.jpa.internal.util.LogHelper  : HHH000204: Processing PersistenceUnitInfo [name: default]
2020-06-30 00:02:07.516  INFO 20132 --- [    Test worker] com.zaxxer.hikari.HikariDataSource       : HikariPool-2 - Starting...
2020-06-30 00:02:07.519  INFO 20132 --- [    Test worker] com.zaxxer.hikari.HikariDataSource       : HikariPool-2 - Start completed.
2020-06-30 00:02:07.520  INFO 20132 --- [    Test worker] org.hibernate.dialect.Dialect            : HHH000400: Using dialect: org.hibernate.dialect.H2Dialect
2020-06-30 00:02:07.560  INFO 20132 --- [    Test worker] o.h.e.t.j.p.i.JtaPlatformInitiator       : HHH000490: Using JtaPlatform implementation: [org.hibernate.engine.transaction.jta.platform.internal.NoJtaPlatform]
2020-06-30 00:02:07.561  INFO 20132 --- [    Test worker] j.LocalContainerEntityManagerFactoryBean : Initialized JPA EntityManagerFactory for persistence unit 'default'
2020-06-30 00:02:07.696  WARN 20132 --- [    Test worker] JpaBaseConfiguration$JpaWebConfiguration : spring.jpa.open-in-view is enabled by default. Therefore, database queries may be performed during view rendering. Explicitly configure spring.jpa.open-in-view to disable this warning
2020-06-30 00:02:08.008  INFO 20132 --- [    Test worker] o.s.s.concurrent.ThreadPoolTaskExecutor  : Initializing ExecutorService 'applicationTaskExecutor'
2020-06-30 00:02:08.063  INFO 20132 --- [    Test worker] o.s.b.a.w.s.WelcomePageHandlerMapping    : Adding welcome page template: index
2020-06-30 00:02:08.373  INFO 20132 --- [    Test worker] .s.s.UserDetailsServiceAutoConfiguration : 

Using generated security password: d9989354-8c1f-4d27-8b27-2b9d94ba43c7

2020-06-30 00:02:08.459  INFO 20132 --- [    Test worker] o.s.s.web.DefaultSecurityFilterChain     : Creating filter chain: any request, [org.springframework.security.web.context.request.async.WebAsyncManagerIntegrationFilter@3dda881e, org.springframework.security.web.context.SecurityContextPersistenceFilter@44dce7ce, org.springframework.security.web.header.HeaderWriterFilter@26495a92, org.springframework.security.web.authentication.logout.LogoutFilter@28f07d3b, org.springframework.security.web.savedrequest.RequestCacheAwareFilter@1ab5a682, org.springframework.security.web.servletapi.SecurityContextHolderAwareRequestFilter@76c4e28c, org.springframework.security.web.authentication.AnonymousAuthenticationFilter@1af8ddf0, org.springframework.security.web.session.SessionManagementFilter@71a1853d, org.springframework.security.web.access.ExceptionTranslationFilter@4b02a6b9, org.springframework.security.web.access.intercept.FilterSecurityInterceptor@4b9c173c]
2020-06-30 00:02:08.517  INFO 20132 --- [    Test worker] g.s.bootstrap.ProductLoader              : Saved Shirt - id: 1
2020-06-30 00:02:08.520  INFO 20132 --- [    Test worker] g.s.bootstrap.ProductLoader              : Saved Mug - id:2
2020-06-30 00:02:08.520  INFO 20132 --- [    Test worker] g.s.SpringBootWebApplicationTests        : Started SpringBootWebApplicationTests in 1.772 seconds (JVM running for 10.825)
]]></system-out>
  <system-err><![CDATA[]]></system-err>
</testsuite>
