<?xml version="1.0" encoding="UTF-8"?>
<testsuite name="guru.springframework.repositories.ProductRepositoryTest" tests="1" skipped="0" failures="0" errors="0" timestamp="2020-06-29T18:32:05" hostname="DESKTOP-NB3QJNT" time="0.756">
  <properties/>
  <testcase name="testSaveProduct" classname="guru.springframework.repositories.ProductRepositoryTest" time="0.756"/>
  <system-out><![CDATA[00:01:59.178 [Test worker] DEBUG org.springframework.test.context.junit4.SpringJUnit4ClassRunner - SpringJUnit4ClassRunner constructor called with [class guru.springframework.repositories.ProductRepositoryTest]
00:01:59.190 [Test worker] DEBUG org.springframework.test.context.BootstrapUtils - Instantiating CacheAwareContextLoaderDelegate from class [org.springframework.test.context.cache.DefaultCacheAwareContextLoaderDelegate]
00:01:59.205 [Test worker] DEBUG org.springframework.test.context.BootstrapUtils - Instantiating BootstrapContext using constructor [public org.springframework.test.context.support.DefaultBootstrapContext(java.lang.Class,org.springframework.test.context.CacheAwareContextLoaderDelegate)]
00:01:59.244 [Test worker] DEBUG org.springframework.test.context.BootstrapUtils - Instantiating TestContextBootstrapper for test class [guru.springframework.repositories.ProductRepositoryTest] from class [org.springframework.boot.test.context.SpringBootTestContextBootstrapper]
00:01:59.266 [Test worker] INFO org.springframework.boot.test.context.SpringBootTestContextBootstrapper - Neither @ContextConfiguration nor @ContextHierarchy found for test class [guru.springframework.repositories.ProductRepositoryTest], using SpringBootContextLoader
00:01:59.270 [Test worker] DEBUG org.springframework.test.context.support.AbstractContextLoader - Did not detect default resource location for test class [guru.springframework.repositories.ProductRepositoryTest]: class path resource [guru/springframework/repositories/ProductRepositoryTest-context.xml] does not exist
00:01:59.270 [Test worker] DEBUG org.springframework.test.context.support.AbstractContextLoader - Did not detect default resource location for test class [guru.springframework.repositories.ProductRepositoryTest]: class path resource [guru/springframework/repositories/ProductRepositoryTestContext.groovy] does not exist
00:01:59.271 [Test worker] INFO org.springframework.test.context.support.AbstractContextLoader - Could not detect default resource locations for test class [guru.springframework.repositories.ProductRepositoryTest]: no resource found for suffixes {-context.xml, Context.groovy}.
00:01:59.335 [Test worker] DEBUG org.springframework.test.context.support.ActiveProfilesUtils - Could not find an 'annotation declaring class' for annotation type [org.springframework.test.context.ActiveProfiles] and class [guru.springframework.repositories.ProductRepositoryTest]
00:01:59.509 [Test worker] DEBUG org.springframework.boot.test.context.SpringBootTestContextBootstrapper - @TestExecutionListeners is not present for class [guru.springframework.repositories.ProductRepositoryTest]: using defaults.
00:01:59.509 [Test worker] INFO org.springframework.boot.test.context.SpringBootTestContextBootstrapper - Loaded default TestExecutionListener class names from location [META-INF/spring.factories]: [org.springframework.boot.test.autoconfigure.restdocs.RestDocsTestExecutionListener, org.springframework.boot.test.autoconfigure.web.client.MockRestServiceServerResetTestExecutionListener, org.springframework.boot.test.autoconfigure.web.servlet.MockMvcPrintOnlyOnFailureTestExecutionListener, org.springframework.boot.test.autoconfigure.web.servlet.WebDriverTestExecutionListener, org.springframework.boot.test.autoconfigure.webservices.client.MockWebServiceServerTestExecutionListener, org.springframework.boot.test.mock.mockito.MockitoTestExecutionListener, org.springframework.boot.test.mock.mockito.ResetMocksTestExecutionListener, org.springframework.test.context.web.ServletTestExecutionListener, org.springframework.test.context.support.DirtiesContextBeforeModesTestExecutionListener, org.springframework.test.context.support.DependencyInjectionTestExecutionListener, org.springframework.test.context.support.DirtiesContextTestExecutionListener, org.springframework.test.context.transaction.TransactionalTestExecutionListener, org.springframework.test.context.jdbc.SqlScriptsTestExecutionListener, org.springframework.test.context.event.EventPublishingTestExecutionListener]
00:01:59.534 [Test worker] INFO org.springframework.boot.test.context.SpringBootTestContextBootstrapper - Using TestExecutionListeners: [org.springframework.test.context.web.ServletTestExecutionListener@4b3b34b2, org.springframework.test.context.support.DirtiesContextBeforeModesTestExecutionListener@3d77739f, org.springframework.boot.test.mock.mockito.MockitoTestExecutionListener@608fd3ec, org.springframework.boot.test.autoconfigure.SpringBootDependencyInjectionTestExecutionListener@5be0ee77, org.springframework.test.context.support.DirtiesContextTestExecutionListener@49ecdf1d, org.springframework.test.context.transaction.TransactionalTestExecutionListener@4f81a634, org.springframework.test.context.jdbc.SqlScriptsTestExecutionListener@510f0c9b, org.springframework.test.context.event.EventPublishingTestExecutionListener@dc0d39b, org.springframework.boot.test.autoconfigure.restdocs.RestDocsTestExecutionListener@227be109, org.springframework.boot.test.autoconfigure.web.client.MockRestServiceServerResetTestExecutionListener@60895374, org.springframework.boot.test.autoconfigure.web.servlet.MockMvcPrintOnlyOnFailureTestExecutionListener@494be02a, org.springframework.boot.test.autoconfigure.web.servlet.WebDriverTestExecutionListener@429cae93, org.springframework.boot.test.autoconfigure.webservices.client.MockWebServiceServerTestExecutionListener@3f127c60, org.springframework.boot.test.mock.mockito.ResetMocksTestExecutionListener@152a8a05]
00:01:59.538 [Test worker] DEBUG org.springframework.test.annotation.ProfileValueUtils - Retrieved @ProfileValueSourceConfiguration [null] for test class [guru.springframework.repositories.ProductRepositoryTest]
00:01:59.539 [Test worker] DEBUG org.springframework.test.annotation.ProfileValueUtils - Retrieved ProfileValueSource type [class org.springframework.test.annotation.SystemProfileValueSource] for class [guru.springframework.repositories.ProductRepositoryTest]
00:01:59.540 [Test worker] DEBUG org.springframework.test.annotation.ProfileValueUtils - Retrieved @ProfileValueSourceConfiguration [null] for test class [guru.springframework.repositories.ProductRepositoryTest]
00:01:59.540 [Test worker] DEBUG org.springframework.test.annotation.ProfileValueUtils - Retrieved ProfileValueSource type [class org.springframework.test.annotation.SystemProfileValueSource] for class [guru.springframework.repositories.ProductRepositoryTest]
00:01:59.546 [Test worker] DEBUG org.springframework.test.context.support.AbstractDirtiesContextTestExecutionListener - Before test class: context [DefaultTestContext@5ce6da1 testClass = ProductRepositoryTest, testInstance = [null], testMethod = [null], testException = [null], mergedContextConfiguration = [WebMergedContextConfiguration@4f726cc2 testClass = ProductRepositoryTest, locations = '{}', classes = '{class guru.springframework.configuration.RepositoryConfiguration, class guru.springframework.configuration.RepositoryConfiguration}', contextInitializerClasses = '[]', activeProfiles = '{}', propertySourceLocations = '{}', propertySourceProperties = '{org.springframework.boot.test.context.SpringBootTestContextBootstrapper=true}', contextCustomizers = set[org.springframework.boot.test.autoconfigure.properties.PropertyMappingContextCustomizer@0, org.springframework.boot.test.autoconfigure.web.servlet.WebDriverContextCustomizerFactory$Customizer@7cde79c3, org.springframework.boot.test.context.filter.ExcludeFilterContextCustomizer@41aecdbc, org.springframework.boot.test.json.DuplicateJsonObjectContextCustomizerFactory$DuplicateJsonObjectContextCustomizer@21a39f5b, org.springframework.boot.test.mock.mockito.MockitoContextCustomizer@0, org.springframework.boot.test.web.client.TestRestTemplateContextCustomizer@6998b531, org.springframework.boot.test.context.SpringBootTestArgs@1], resourceBasePath = 'src/main/webapp', contextLoader = 'org.springframework.boot.test.context.SpringBootContextLoader', parent = [null]], attributes = map['org.springframework.test.context.web.ServletTestExecutionListener.activateListener' -> true]], class annotated with @DirtiesContext [false] with mode [null].
00:01:59.548 [Test worker] DEBUG org.springframework.test.annotation.ProfileValueUtils - Retrieved @ProfileValueSourceConfiguration [null] for test class [guru.springframework.repositories.ProductRepositoryTest]
00:01:59.548 [Test worker] DEBUG org.springframework.test.annotation.ProfileValueUtils - Retrieved ProfileValueSource type [class org.springframework.test.annotation.SystemProfileValueSource] for class [guru.springframework.repositories.ProductRepositoryTest]
00:01:59.578 [Test worker] DEBUG org.springframework.test.context.support.TestPropertySourceUtils - Adding inlined properties to environment: {spring.jmx.enabled=false, org.springframework.boot.test.context.SpringBootTestContextBootstrapper=true}

  .   ____          _            __ _ _
 /\\ / ___'_ __ _ _(_)_ __  __ _ \ \ \ \
( ( )\___ | '_ | '_| | '_ \/ _` | \ \ \ \
 \\/  ___)| |_)| | | | | || (_| |  ) ) ) )
  '  |____| .__|_| |_|_| |_\__, | / / / /
 =========|_|==============|___/=/_/_/_/
 :: Spring Boot ::        (v2.3.1.RELEASE)

2020-06-30 00:01:59.958  INFO 20132 --- [    Test worker] g.s.repositories.ProductRepositoryTest   : Starting ProductRepositoryTest on DESKTOP-NB3QJNT with PID 20132 (started by Abi in I:\Workspace\Github-forks\springbootwebapp-jt\catalogapp)
2020-06-30 00:01:59.959  INFO 20132 --- [    Test worker] g.s.repositories.ProductRepositoryTest   : No active profile set, falling back to default profiles: default
2020-06-30 00:02:00.719  INFO 20132 --- [    Test worker] .s.d.r.c.RepositoryConfigurationDelegate : Bootstrapping Spring Data JPA repositories in DEFAULT mode.
2020-06-30 00:02:00.809  INFO 20132 --- [    Test worker] .s.d.r.c.RepositoryConfigurationDelegate : Finished Spring Data repository scanning in 63ms. Found 1 JPA repository interfaces.
2020-06-30 00:02:01.885  INFO 20132 --- [    Test worker] o.hibernate.jpa.internal.util.LogHelper  : HHH000204: Processing PersistenceUnitInfo [name: default]
2020-06-30 00:02:01.962  INFO 20132 --- [    Test worker] org.hibernate.Version                    : HHH000412: Hibernate ORM core version 5.4.17.Final
2020-06-30 00:02:02.167  INFO 20132 --- [    Test worker] o.hibernate.annotations.common.Version   : HCANN000001: Hibernate Commons Annotations {5.1.0.Final}
2020-06-30 00:02:02.320  INFO 20132 --- [    Test worker] com.zaxxer.hikari.HikariDataSource       : HikariPool-1 - Starting...
2020-06-30 00:02:02.587  INFO 20132 --- [    Test worker] com.zaxxer.hikari.HikariDataSource       : HikariPool-1 - Start completed.
2020-06-30 00:02:02.639  INFO 20132 --- [    Test worker] org.hibernate.dialect.Dialect            : HHH000400: Using dialect: org.hibernate.dialect.H2Dialect
2020-06-30 00:02:03.616  INFO 20132 --- [    Test worker] o.h.e.t.j.p.i.JtaPlatformInitiator       : HHH000490: Using JtaPlatform implementation: [org.hibernate.engine.transaction.jta.platform.internal.NoJtaPlatform]
2020-06-30 00:02:03.626  INFO 20132 --- [    Test worker] j.LocalContainerEntityManagerFactoryBean : Initialized JPA EntityManagerFactory for persistence unit 'default'
2020-06-30 00:02:04.423  WARN 20132 --- [    Test worker] JpaBaseConfiguration$JpaWebConfiguration : spring.jpa.open-in-view is enabled by default. Therefore, database queries may be performed during view rendering. Explicitly configure spring.jpa.open-in-view to disable this warning
2020-06-30 00:02:04.819  INFO 20132 --- [    Test worker] o.s.s.concurrent.ThreadPoolTaskExecutor  : Initializing ExecutorService 'applicationTaskExecutor'
2020-06-30 00:02:04.953  INFO 20132 --- [    Test worker] o.s.b.a.w.s.WelcomePageHandlerMapping    : Adding welcome page template: index
2020-06-30 00:02:05.472  INFO 20132 --- [    Test worker] .s.s.UserDetailsServiceAutoConfiguration : 

Using generated security password: 86678fd2-54b2-4767-9b1e-3e9255517767

2020-06-30 00:02:05.820  INFO 20132 --- [    Test worker] o.s.s.web.DefaultSecurityFilterChain     : Creating filter chain: any request, [org.springframework.security.web.context.request.async.WebAsyncManagerIntegrationFilter@478bc98d, org.springframework.security.web.context.SecurityContextPersistenceFilter@1c4d72af, org.springframework.security.web.header.HeaderWriterFilter@46a551b0, org.springframework.security.web.csrf.CsrfFilter@7c399117, org.springframework.security.web.authentication.logout.LogoutFilter@ba9c345, org.springframework.security.web.authentication.UsernamePasswordAuthenticationFilter@2753ea4, org.springframework.security.web.authentication.ui.DefaultLoginPageGeneratingFilter@1e6bffb0, org.springframework.security.web.authentication.ui.DefaultLogoutPageGeneratingFilter@d364819, org.springframework.security.web.authentication.www.BasicAuthenticationFilter@1f2028a1, org.springframework.security.web.savedrequest.RequestCacheAwareFilter@3aa26730, org.springframework.security.web.servletapi.SecurityContextHolderAwareRequestFilter@203e6771, org.springframework.security.web.authentication.AnonymousAuthenticationFilter@36b6730, org.springframework.security.web.session.SessionManagementFilter@158d1b5a, org.springframework.security.web.access.ExceptionTranslationFilter@6100ee38, org.springframework.security.web.access.intercept.FilterSecurityInterceptor@4f080f54]
2020-06-30 00:02:05.936  INFO 20132 --- [    Test worker] g.s.repositories.ProductRepositoryTest   : Started ProductRepositoryTest in 6.343 seconds (JVM running for 8.241)
]]></system-out>
  <system-err><![CDATA[]]></system-err>
</testsuite>
